Using pre-set license
Built from '2021.3/staging' branch; Version is '2021.3.8f1 (b30333d56e81) revision 11731763'; Using compiler version '192829333'; Build Type 'Release'
OS: 'Windows 10  (10.0.19044) 64bit Core' Language: 'en' Physical Memory: 32621 MB
BatchMode: 1, IsHumanControllingUs: 0, StartBugReporterOnCrash: 0, Is64bit: 1, IsPro: 1

COMMAND LINE ARGUMENTS:
D:\2021.3.8f1\Editor\Unity.exe
-adb2
-batchMode
-noUpm
-name
AssetImportWorker0
-projectPath
D:/Repositories/ArrPG/ArrPG
-logFile
Logs/AssetImportWorker0.log
-srvPort
49428
Successfully changed project path to: D:/Repositories/ArrPG/ArrPG
D:/Repositories/ArrPG/ArrPG
[UnityMemory] Configuration Parameters - Can be set up in boot.config
    "memorysetup-bucket-allocator-granularity=16"
    "memorysetup-bucket-allocator-bucket-count=8"
    "memorysetup-bucket-allocator-block-size=33554432"
    "memorysetup-bucket-allocator-block-count=8"
    "memorysetup-main-allocator-block-size=16777216"
    "memorysetup-thread-allocator-block-size=16777216"
    "memorysetup-gfx-main-allocator-block-size=16777216"
    "memorysetup-gfx-thread-allocator-block-size=16777216"
    "memorysetup-cache-allocator-block-size=4194304"
    "memorysetup-typetree-allocator-block-size=2097152"
    "memorysetup-profiler-bucket-allocator-granularity=16"
    "memorysetup-profiler-bucket-allocator-bucket-count=8"
    "memorysetup-profiler-bucket-allocator-block-size=33554432"
    "memorysetup-profiler-bucket-allocator-block-count=8"
    "memorysetup-profiler-allocator-block-size=16777216"
    "memorysetup-profiler-editor-allocator-block-size=1048576"
    "memorysetup-temp-allocator-size-main=16777216"
    "memorysetup-job-temp-allocator-block-size=2097152"
    "memorysetup-job-temp-allocator-block-size-background=1048576"
    "memorysetup-job-temp-allocator-reduction-small-platforms=262144"
    "memorysetup-temp-allocator-size-background-worker=32768"
    "memorysetup-temp-allocator-size-job-worker=262144"
    "memorysetup-temp-allocator-size-preload-manager=33554432"
    "memorysetup-temp-allocator-size-nav-mesh-worker=65536"
    "memorysetup-temp-allocator-size-audio-worker=65536"
    "memorysetup-temp-allocator-size-cloud-worker=32768"
    "memorysetup-temp-allocator-size-gi-baking-worker=262144"
    "memorysetup-temp-allocator-size-gfx=262144"
Refreshing native plugins compatible for Editor in 92.94 ms, found 4 plugins.
Preloading 0 native plugins for Editor in 0.00 ms.
Initialize engine version: 2021.3.8f1 (b30333d56e81)
[Subsystems] Discovering subsystems at path D:/2021.3.8f1/Editor/Data/Resources/UnitySubsystems
[Subsystems] Discovering subsystems at path D:/Repositories/ArrPG/ArrPG/Assets
GfxDevice: creating device client; threaded=0; jobified=0
Direct3D:
    Version:  Direct3D 11.0 [level 11.1]
    Renderer: NVIDIA GeForce GTX 1060 6GB (ID=0x1c03)
    Vendor:   NVIDIA
    VRAM:     6052 MB
    Driver:   31.0.15.1694
Initialize mono
Mono path[0] = 'D:/2021.3.8f1/Editor/Data/Managed'
Mono path[1] = 'D:/2021.3.8f1/Editor/Data/MonoBleedingEdge/lib/mono/unityjit-win32'
Mono config path = 'D:/2021.3.8f1/Editor/Data/MonoBleedingEdge/etc'
Using monoOptions --debugger-agent=transport=dt_socket,embedding=1,server=y,suspend=n,address=127.0.0.1:56560
Begin MonoManager ReloadAssembly
Registering precompiled unity dll's ...
Register platform support module: D:/2021.3.8f1/Editor/Data/PlaybackEngines/WebGLSupport/UnityEditor.WebGL.Extensions.dll
Register platform support module: D:/2021.3.8f1/Editor/Data/PlaybackEngines/WindowsStandaloneSupport/UnityEditor.WindowsStandalone.Extensions.dll
Registered in 0.002039 seconds.
Native extension for WindowsStandalone target not found
Native extension for WebGL target not found
Refreshing native plugins compatible for Editor in 106.69 ms, found 4 plugins.
Preloading 0 native plugins for Editor in 0.00 ms.
Mono: successfully reloaded assembly
- Completed reload, in  0.647 seconds
Domain Reload Profiling:
	ReloadAssembly (647ms)
		BeginReloadAssembly (63ms)
			ExecutionOrderSort (0ms)
			DisableScriptedObjects (0ms)
			BackupInstance (0ms)
			ReleaseScriptingObjects (0ms)
			CreateAndSetChildDomain (1ms)
		EndReloadAssembly (483ms)
			LoadAssemblies (63ms)
			RebuildTransferFunctionScriptingTraits (0ms)
			SetupTypeCache (118ms)
			ReleaseScriptCaches (0ms)
			RebuildScriptCaches (28ms)
			SetupLoadedEditorAssemblies (289ms)
				LogAssemblyErrors (0ms)
				InitializePlatformSupportModulesInManaged (7ms)
				SetLoadedEditorAssemblies (0ms)
				RefreshPlugins (107ms)
				BeforeProcessingInitializeOnLoad (1ms)
				ProcessInitializeOnLoadAttributes (126ms)
				ProcessInitializeOnLoadMethodAttributes (47ms)
				AfterProcessingInitializeOnLoad (0ms)
				EditorAssembliesLoaded (0ms)
			ExecutionOrderSort2 (0ms)
			AwakeInstancesAfterBackupRestoration (0ms)
Platform modules already initialized, skipping
Registering precompiled user dll's ...
Registered in 0.005558 seconds.
Begin MonoManager ReloadAssembly
Symbol file LoadedFromMemory doesn't match image D:\Repositories\ArrPG\ArrPG\Library\PackageCache\com.unity.visualscripting@1.7.8\Editor\VisualScripting.Core\Dependencies\YamlDotNet\Unity.VisualScripting.YamlDotNet.dll
Symbol file LoadedFromMemory doesn't match image D:\Repositories\ArrPG\ArrPG\Library\PackageCache\com.unity.visualscripting@1.7.8\Editor\VisualScripting.Core\Dependencies\DotNetZip\Unity.VisualScripting.IonicZip.dll
Native extension for WindowsStandalone target not found
Native extension for WebGL target not found
Refreshing native plugins compatible for Editor in 111.15 ms, found 4 plugins.
Preloading 0 native plugins for Editor in 0.00 ms.
Mono: successfully reloaded assembly
- Completed reload, in  1.191 seconds
Domain Reload Profiling:
	ReloadAssembly (1192ms)
		BeginReloadAssembly (107ms)
			ExecutionOrderSort (0ms)
			DisableScriptedObjects (6ms)
			BackupInstance (0ms)
			ReleaseScriptingObjects (0ms)
			CreateAndSetChildDomain (19ms)
		EndReloadAssembly (976ms)
			LoadAssemblies (78ms)
			RebuildTransferFunctionScriptingTraits (0ms)
			SetupTypeCache (266ms)
			ReleaseScriptCaches (1ms)
			RebuildScriptCaches (69ms)
			SetupLoadedEditorAssemblies (510ms)
				LogAssemblyErrors (0ms)
				InitializePlatformSupportModulesInManaged (5ms)
				SetLoadedEditorAssemblies (0ms)
				RefreshPlugins (111ms)
				BeforeProcessingInitializeOnLoad (103ms)
				ProcessInitializeOnLoadAttributes (243ms)
				ProcessInitializeOnLoadMethodAttributes (45ms)
				AfterProcessingInitializeOnLoad (2ms)
				EditorAssembliesLoaded (0ms)
			ExecutionOrderSort2 (0ms)
			AwakeInstancesAfterBackupRestoration (5ms)
Platform modules already initialized, skipping
========================================================================
Worker process is ready to serve import requests
Launched and connected shader compiler UnityShaderCompiler.exe after 0.03 seconds
Refreshing native plugins compatible for Editor in 0.89 ms, found 4 plugins.
Preloading 0 native plugins for Editor in 0.00 ms.
Unloading 4155 Unused Serialized files (Serialized files now loaded: 0)
Unloading 50 unused Assets / (222.5 KB). Loaded Objects now: 4600.
Memory consumption went from 154.7 MB to 154.5 MB.
Total: 3.367800 ms (FindLiveObjects: 0.330300 ms CreateObjectMapping: 0.299800 ms MarkObjects: 2.580400 ms  DeleteObjects: 0.154600 ms)

AssetImportParameters requested are different than current active one (requested -> active):
  custom:video-decoder-ogg-theora: a1e56fd34408186e4bbccfd4996cb3dc -> 
  custom:container-muxer-webm: aa71ff27fc2769a1b78a27578f13a17b -> 
  custom:container-demuxer-webm: 4f35f7cbe854078d1ac9338744f61a02 -> 
  custom:video-encoder-webm-vp8: eb34c28f22e8b96e1ab97ce403110664 -> 
  custom:audio-encoder-webm-vorbis: bf7c407c2cedff20999df2af8eb42d56 -> 
  custom:framework-win-MediaFoundation: 216162199b28c13a410421893ffa2e32 -> 
  custom:container-demuxer-ogg: 62fdf1f143b41e24485cea50d1cbac27 -> 
  custom:video-decoder-webm-vp8: 9c59270c3fd7afecdb556c50c9e8de78 -> 
  custom:audio-decoder-ogg-vorbis: bf7c407c2cedff20999df2af8eb42d56 -> 
========================================================================
Received Import Request.
  Time since last request: 3513.538647 seconds.
  path: Assets/Photon/PhotonUnityNetworking/Resources/PhotonServerSettings.asset
  artifactKey: Guid(097f3134b8d54e24fa6cfee74da447bf) Importer(815301076,1909f56bfc062723c751e8b465ee728b)
Start importing Assets/Photon/PhotonUnityNetworking/Resources/PhotonServerSettings.asset using Guid(097f3134b8d54e24fa6cfee74da447bf) Importer(815301076,1909f56bfc062723c751e8b465ee728b)  -> (artifact id: 'f2d5fa22183f04cb7278fe2cfa3bf48b') in 0.028086 seconds 
========================================================================
Received Import Request.
  Time since last request: 13.132392 seconds.
  path: Assets
  artifactKey: Guid(00000000000000001000000000000000) Importer(815301076,1909f56bfc062723c751e8b465ee728b)
Start importing Assets using Guid(00000000000000001000000000000000) Importer(815301076,1909f56bfc062723c751e8b465ee728b)  -> (artifact id: '79842766b460edbeab6a34051e857a80') in 0.003980 seconds 
========================================================================
Received Import Request.
  Time since last request: 5.104066 seconds.
  path: Assets/Scripts
  artifactKey: Guid(7c5d1c32b7925664ba0e620e83887567) Importer(815301076,1909f56bfc062723c751e8b465ee728b)
Start importing Assets/Scripts using Guid(7c5d1c32b7925664ba0e620e83887567) Importer(815301076,1909f56bfc062723c751e8b465ee728b)  -> (artifact id: 'd74e7267d6efcea0afcc79a48adf4b6c') in 0.004563 seconds 
========================================================================
Received Import Request.
  Time since last request: 4.687394 seconds.
  path: Assets/Prefabs
  artifactKey: Guid(3dfa9d298d1ee1140b3635f5d81f0aff) Importer(815301076,1909f56bfc062723c751e8b465ee728b)
Start importing Assets/Prefabs using Guid(3dfa9d298d1ee1140b3635f5d81f0aff) Importer(815301076,1909f56bfc062723c751e8b465ee728b)  -> (artifact id: 'bc501e270a9831ca5b8114c53b7162ed') in 0.004266 seconds 
========================================================================
Received Import Request.
  Time since last request: 15.397032 seconds.
  path: Assets/Scenes
  artifactKey: Guid(131a6b21c8605f84396be9f6751fb6e3) Importer(815301076,1909f56bfc062723c751e8b465ee728b)
Start importing Assets/Scenes using Guid(131a6b21c8605f84396be9f6751fb6e3) Importer(815301076,1909f56bfc062723c751e8b465ee728b)  -> (artifact id: '2c23e514d24f6b65fe96946cd87fc526') in 0.005361 seconds 
========================================================================
Received Import Request.
  Time since last request: 6.135884 seconds.
  path: Assets/Scenes/Menu.unity
  artifactKey: Guid(5f0fc0658129cd048b21a1c28b8648a7) Importer(815301076,1909f56bfc062723c751e8b465ee728b)
Start importing Assets/Scenes/Menu.unity using Guid(5f0fc0658129cd048b21a1c28b8648a7) Importer(815301076,1909f56bfc062723c751e8b465ee728b)  -> (artifact id: '3edf0991c23a4804056293165f32e601') in 0.004613 seconds 
========================================================================
Received Import Request.
  Time since last request: 5.191761 seconds.
  path: Assets/Scenes/Game.unity
  artifactKey: Guid(400ccb02f92cde74e906bcc9ab01a3ec) Importer(815301076,1909f56bfc062723c751e8b465ee728b)
Start importing Assets/Scenes/Game.unity using Guid(400ccb02f92cde74e906bcc9ab01a3ec) Importer(815301076,1909f56bfc062723c751e8b465ee728b)  -> (artifact id: '610330cff5e752ac85931aeaa3007b2f') in 0.004281 seconds 
========================================================================
Received Import Request.
  Time since last request: 1.163137 seconds.
  path: Assets/Scenes/SampleScene.unity
  artifactKey: Guid(2cda990e2423bbf4892e6590ba056729) Importer(815301076,1909f56bfc062723c751e8b465ee728b)
Start importing Assets/Scenes/SampleScene.unity using Guid(2cda990e2423bbf4892e6590ba056729) Importer(815301076,1909f56bfc062723c751e8b465ee728b)  -> (artifact id: 'e24c38ded777c6eac716cf6ee885caa1') in 0.004576 seconds 
========================================================================
Received Import Request.
  Time since last request: 37.218772 seconds.
  path: Assets/Animations
  artifactKey: Guid(c29475fb2665c344dacf3c0bd9381073) Importer(815301076,1909f56bfc062723c751e8b465ee728b)
Start importing Assets/Animations using Guid(c29475fb2665c344dacf3c0bd9381073) Importer(815301076,1909f56bfc062723c751e8b465ee728b)  -> (artifact id: '70450d2c25041fd15436463c4d47d428') in 0.004455 seconds 
========================================================================
Received Import Request.
  Time since last request: 23.847398 seconds.
  path: Assets/Resources
  artifactKey: Guid(8e0f7e009bfc83e4981d2ed060ac4182) Importer(815301076,1909f56bfc062723c751e8b465ee728b)
Start importing Assets/Resources using Guid(8e0f7e009bfc83e4981d2ed060ac4182) Importer(815301076,1909f56bfc062723c751e8b465ee728b)  -> (artifact id: '5205850174b431561b008be29e8d0fd7') in 0.004378 seconds 
========================================================================
Received Import Request.
  Time since last request: 22.427608 seconds.
  path: Assets/Sprites
  artifactKey: Guid(3a2c2166271ca7944a227921925d4a6e) Importer(815301076,1909f56bfc062723c751e8b465ee728b)
Start importing Assets/Sprites using Guid(3a2c2166271ca7944a227921925d4a6e) Importer(815301076,1909f56bfc062723c751e8b465ee728b)  -> (artifact id: '2ec71f215da545f418e87665bbf9c55d') in 0.004276 seconds 
========================================================================
Received Import Request.
  Time since last request: 16.028979 seconds.
  path: Assets/Sprites/Characters.png
  artifactKey: Guid(1f7106cca40e1ee449773b0739e4f8e1) Importer(815301076,1909f56bfc062723c751e8b465ee728b)
Start importing Assets/Sprites/Characters.png using Guid(1f7106cca40e1ee449773b0739e4f8e1) Importer(815301076,1909f56bfc062723c751e8b465ee728b)  -> (artifact id: '68d8f5b40f610ea76127b96e22a0fe88') in 0.092843 seconds 
========================================================================
Received Import Request.
  Time since last request: 0.000036 seconds.
  path: Assets/Sprites/WhiteSquare.png
  artifactKey: Guid(1f66f4375009bac488529b0ffefc7191) Importer(815301076,1909f56bfc062723c751e8b465ee728b)
Start importing Assets/Sprites/WhiteSquare.png using Guid(1f66f4375009bac488529b0ffefc7191) Importer(815301076,1909f56bfc062723c751e8b465ee728b)  -> (artifact id: 'b711364c4c3381b97b18d79144e67cb8') in 0.015862 seconds 
========================================================================
Received Import Request.
  Time since last request: 67.371624 seconds.
  path: Assets/Sprites/Characters.png
  artifactKey: Guid(1f7106cca40e1ee449773b0739e4f8e1) Importer(815301076,1909f56bfc062723c751e8b465ee728b)
Start importing Assets/Sprites/Characters.png using Guid(1f7106cca40e1ee449773b0739e4f8e1) Importer(815301076,1909f56bfc062723c751e8b465ee728b)  -> (artifact id: '4c1e5dfb5fb52a1e738e57061eec58c5') in 0.009232 seconds 
========================================================================
Received Import Request.
  Time since last request: 28.840345 seconds.
  path: Assets/Sprites/Characters.png
  artifactKey: Guid(1f7106cca40e1ee449773b0739e4f8e1) Importer(815301076,1909f56bfc062723c751e8b465ee728b)
Start importing Assets/Sprites/Characters.png using Guid(1f7106cca40e1ee449773b0739e4f8e1) Importer(815301076,1909f56bfc062723c751e8b465ee728b)  -> (artifact id: 'd2d74475e2bef1d0ff558f59a008c50d') in 0.855666 seconds 
========================================================================
Received Import Request.
  Time since last request: 37.353445 seconds.
  path: Assets/Sprites/Characters.png
  artifactKey: Guid(1f7106cca40e1ee449773b0739e4f8e1) Importer(815301076,1909f56bfc062723c751e8b465ee728b)
Start importing Assets/Sprites/Characters.png using Guid(1f7106cca40e1ee449773b0739e4f8e1) Importer(815301076,1909f56bfc062723c751e8b465ee728b)  -> (artifact id: '8e8e76a1dfd1172c95bc4b2534fbd2ce') in 0.804514 seconds 
========================================================================
Received Import Request.
  Time since last request: 11.307462 seconds.
  path: Assets/Sprites/Items.png
  artifactKey: Guid(1321cf5bfbb0b4d4998e927217eaf439) Importer(815301076,1909f56bfc062723c751e8b465ee728b)
Start importing Assets/Sprites/Items.png using Guid(1321cf5bfbb0b4d4998e927217eaf439) Importer(815301076,1909f56bfc062723c751e8b465ee728b)  -> (artifact id: '4535b644eb6c324c979ec241899138ea') in 0.015802 seconds 
========================================================================
Received Import Request.
  Time since last request: 14.108832 seconds.
  path: Assets/Sprites/Items.png
  artifactKey: Guid(1321cf5bfbb0b4d4998e927217eaf439) Importer(815301076,1909f56bfc062723c751e8b465ee728b)
Start importing Assets/Sprites/Items.png using Guid(1321cf5bfbb0b4d4998e927217eaf439) Importer(815301076,1909f56bfc062723c751e8b465ee728b)  -> (artifact id: 'f6ab45a00db82af6c55114d0530b4807') in 1.890720 seconds 
========================================================================
Received Import Request.
  Time since last request: 762.255135 seconds.
  path: ProjectSettings/TagManager.asset
  artifactKey: Guid(00000000000000003000000000000000) Importer(815301076,1909f56bfc062723c751e8b465ee728b)
Start importing ProjectSettings/TagManager.asset using Guid(00000000000000003000000000000000) Importer(815301076,1909f56bfc062723c751e8b465ee728b)  -> (artifact id: '5f74b9f0782f3ffe8a654b2b60a9f33c') in 0.005420 seconds 
